2025-09-14 15:07:44,925 - INFO - [31m[1mWARNING: This is a development server. Do not use it in a production deployment. Use a production WSGI server instead.[0m
 * Running on all addresses (0.0.0.0)
 * Running on http://127.0.0.1:5000
 * Running on http://192.168.1.100:5000
2025-09-14 15:07:44,925 - INFO - [33mPress CTRL+C to quit[0m
2025-09-14 15:07:44,926 - INFO -  * Restarting with stat
2025-09-14 15:07:45,207 - WARNING -  * Debugger is active!
2025-09-14 15:07:45,208 - INFO -  * Debugger PIN: 837-115-455
2025-09-14 15:07:49,733 - INFO - 127.0.0.1 - - [14/Sep/2025 15:07:49] "[31m[1mGET /generate HTTP/1.1[0m" 405 -
2025-09-14 15:07:52,320 - INFO - 127.0.0.1 - - [14/Sep/2025 15:07:52] "GET / HTTP/1.1" 200 -
2025-09-14 15:07:52,340 - INFO - 127.0.0.1 - - [14/Sep/2025 15:07:52] "GET /api/dependencies HTTP/1.1" 200 -
2025-09-14 15:07:52,655 - INFO - API: Testing connection...
2025-09-14 15:07:52,655 - INFO - Trying to read DLCHLN.DBF with encoding: cp1252
2025-09-14 15:07:52,913 - INFO - Successfully read DLCHLN.DBF with encoding: cp1252, records: 4698
2025-09-14 15:07:52,920 - INFO - Trying to read PRTMST.DBF with encoding: cp1252
2025-09-14 15:07:52,930 - INFO - Successfully read PRTMST.DBF with encoding: cp1252, records: 118
2025-09-14 15:07:53,075 - INFO - 127.0.0.1 - - [14/Sep/2025 15:07:53] "GET / HTTP/1.1" 200 -
2025-09-14 15:07:53,337 - INFO - Successfully connected to DBF files
2025-09-14 15:07:53,340 - INFO - DLCHLN records: 4698 (encoding: cp1252)
2025-09-14 15:07:53,341 - INFO - PRTMST records: 118 (encoding: cp1252)
2025-09-14 15:07:53,341 - INFO - API: Connection test result: True
2025-09-14 15:07:53,341 - INFO - 127.0.0.1 - - [14/Sep/2025 15:07:53] "GET /api/test-connection HTTP/1.1" 200 -
2025-09-14 15:07:53,403 - INFO - 127.0.0.1 - - [14/Sep/2025 15:07:53] "GET /api/dependencies HTTP/1.1" 200 -
2025-09-14 15:07:53,664 - INFO - API: Testing connection...
2025-09-14 15:07:53,664 - INFO - Trying to read DLCHLN.DBF with encoding: cp1252
2025-09-14 15:07:53,715 - INFO - 127.0.0.1 - - [14/Sep/2025 15:07:53] "GET / HTTP/1.1" 200 -
2025-09-14 15:07:53,842 - INFO - 127.0.0.1 - - [14/Sep/2025 15:07:53] "GET / HTTP/1.1" 200 -
2025-09-14 15:07:53,973 - INFO - Successfully read DLCHLN.DBF with encoding: cp1252, records: 4698
2025-09-14 15:07:53,981 - INFO - Trying to read PRTMST.DBF with encoding: cp1252
2025-09-14 15:07:53,984 - INFO - 127.0.0.1 - - [14/Sep/2025 15:07:53] "GET / HTTP/1.1" 200 -
2025-09-14 15:07:53,994 - INFO - Successfully read PRTMST.DBF with encoding: cp1252, records: 118
2025-09-14 15:07:54,040 - INFO - 127.0.0.1 - - [14/Sep/2025 15:07:54] "GET /api/dependencies HTTP/1.1" 200 -
2025-09-14 15:07:54,121 - INFO - 127.0.0.1 - - [14/Sep/2025 15:07:54] "GET / HTTP/1.1" 200 -
2025-09-14 15:07:54,167 - INFO - 127.0.0.1 - - [14/Sep/2025 15:07:54] "GET /api/dependencies HTTP/1.1" 200 -
2025-09-14 15:07:54,263 - INFO - API: Testing connection...
2025-09-14 15:07:54,266 - INFO - Trying to read DLCHLN.DBF with encoding: cp1252
2025-09-14 15:07:54,406 - INFO - Successfully connected to DBF files
2025-09-14 15:07:54,407 - INFO - DLCHLN records: 4698 (encoding: cp1252)
2025-09-14 15:07:54,409 - INFO - PRTMST records: 118 (encoding: cp1252)
2025-09-14 15:07:54,410 - INFO - API: Connection test result: True
2025-09-14 15:07:54,411 - INFO - 127.0.0.1 - - [14/Sep/2025 15:07:54] "GET /api/test-connection HTTP/1.1" 200 -
2025-09-14 15:07:54,635 - INFO - Successfully read DLCHLN.DBF with encoding: cp1252, records: 4698
2025-09-14 15:07:54,641 - INFO - Trying to read PRTMST.DBF with encoding: cp1252
2025-09-14 15:07:54,657 - INFO - Successfully read PRTMST.DBF with encoding: cp1252, records: 118
2025-09-14 15:07:55,081 - INFO - Successfully connected to DBF files
2025-09-14 15:07:55,084 - INFO - DLCHLN records: 4698 (encoding: cp1252)
2025-09-14 15:07:55,085 - INFO - PRTMST records: 118 (encoding: cp1252)
2025-09-14 15:07:55,085 - INFO - API: Connection test result: True
2025-09-14 15:07:55,086 - INFO - 127.0.0.1 - - [14/Sep/2025 15:07:55] "GET /api/test-connection HTTP/1.1" 200 -
2025-09-14 15:07:55,092 - INFO - API: Getting parties...
2025-09-14 15:07:55,092 - INFO - Starting to load parties...
2025-09-14 15:07:55,092 - INFO - Trying to read PRTMST.DBF with encoding: cp1252
2025-09-14 15:07:55,097 - INFO - Successfully read PRTMST.DBF with encoding: cp1252, records: 118
2025-09-14 15:07:55,098 - INFO - Sample record 0: {'PRTCD': '  101', 'PRTNM': 'CASH COLLECTION', 'OP_BL': 0.0, 'DB_TOT': 0.0, 'CR_TOT': 0.0, 'CL_BL': 0.0, 'ADR1': '', 'ADR2': '', 'ADR3': '', 'CITY': 'BAVLA', 'PIN_CODE': '', 'CONT_DI': '', 'CONT_AC': '', 'PHONE_1': '', 'PHONE_2': '', 'PHONE_3': '', 'FAX_NO': '', 'MOBILE': '', 'PERIOD_F': None, 'PERIOD_T': None, 'GROUP': '4 1 1', 'DISCOUNT': 0.0, 'FLAG': '', 'CONSIGNEE': '', 'CENTER': '', 'LAST_DOC': 0, 'TMP_CR': 0.0, 'TMP_DB': 0.0, 'TMP_CL': 0.0, 'DISC_PER': 0.0, 'SERVICE': False, 'BRANCH': 0, 'LAST_DATE': None, 'HOLD_PARTY': False, 'ZERO_RATE': False, 'COLL_TIME': '', 'SUMM_BILL': False, 'C_CODE': '', 'DEF_WT': 0.0, 'DEF_POD': '', 'BANK_PARTY': 'P', 'DLY_SUM': False, 'PASS': '', 'FULE_PER': 0.0, 'FULE_CHARG': 0.0, 'EMAIL_ID': '', 'W_FLAG': '', 'GST_TIN': '', 'STATE': 'Gujarat', 'HSN_CODE': '', 'COUNTRY': '', 'USER_ID': '', 'REF_ID': '', 'BAL_TYPE': '', 'FULE_TYPE': '', 'DOC_CHARG': None}
2025-09-14 15:07:55,098 - INFO - Sample record 1: {'PRTCD': '  102', 'PRTNM': 'TOTAL COLLECTION', 'OP_BL': -9025078.02, 'DB_TOT': 0.0, 'CR_TOT': 424985.89, 'CL_BL': -9450063.91, 'ADR1': '', 'ADR2': '', 'ADR3': '', 'CITY': 'BAVLA', 'PIN_CODE': '', 'CONT_DI': '', 'CONT_AC': '', 'PHONE_1': '', 'PHONE_2': '', 'PHONE_3': '', 'FAX_NO': '', 'MOBILE': '', 'PERIOD_F': None, 'PERIOD_T': None, 'GROUP': '4 1 1', 'DISCOUNT': 0.0, 'FLAG': '', 'CONSIGNEE': '', 'CENTER': '', 'LAST_DOC': 0, 'TMP_CR': 1093570.01, 'TMP_DB': 0.0, 'TMP_CL': -1093570.01, 'DISC_PER': 0.0, 'SERVICE': False, 'BRANCH': 0, 'LAST_DATE': None, 'HOLD_PARTY': False, 'ZERO_RATE': False, 'COLL_TIME': '', 'SUMM_BILL': False, 'C_CODE': '', 'DEF_WT': 0.0, 'DEF_POD': '', 'BANK_PARTY': 'P', 'DLY_SUM': False, 'PASS': '', 'FULE_PER': 0.0, 'FULE_CHARG': 0.0, 'EMAIL_ID': '', 'W_FLAG': '', 'GST_TIN': '', 'STATE': 'Gujarat', 'HSN_CODE': '', 'COUNTRY': '', 'USER_ID': '', 'REF_ID': '', 'BAL_TYPE': '', 'FULE_TYPE': '', 'DOC_CHARG': None}
2025-09-14 15:07:55,098 - INFO - Sample record 2: {'PRTCD': '  103', 'PRTNM': 'CASH ON HAND', 'OP_BL': 49059.9, 'DB_TOT': 2990.01, 'CR_TOT': 0.0, 'CL_BL': 52049.91, 'ADR1': '', 'ADR2': '', 'ADR3': '', 'CITY': 'BAVLA', 'PIN_CODE': '', 'CONT_DI': '', 'CONT_AC': '', 'PHONE_1': '', 'PHONE_2': '', 'PHONE_3': '', 'FAX_NO': '', 'MOBILE': '', 'PERIOD_F': None, 'PERIOD_T': None, 'GROUP': '2 3 4', 'DISCOUNT': 0.0, 'FLAG': '', 'CONSIGNEE': '', 'CENTER': '', 'LAST_DOC': 0, 'TMP_CR': 600.0, 'TMP_DB': 40078.79, 'TMP_CL': 39478.79, 'DISC_PER': 0.0, 'SERVICE': False, 'BRANCH': 0, 'LAST_DATE': None, 'HOLD_PARTY': False, 'ZERO_RATE': False, 'COLL_TIME': '', 'SUMM_BILL': False, 'C_CODE': '', 'DEF_WT': 0.0, 'DEF_POD': '', 'BANK_PARTY': 'P', 'DLY_SUM': False, 'PASS': '', 'FULE_PER': 0.0, 'FULE_CHARG': 0.0, 'EMAIL_ID': '', 'W_FLAG': '', 'GST_TIN': '', 'STATE': 'Gujarat', 'HSN_CODE': '', 'COUNTRY': '', 'USER_ID': '', 'REF_ID': '', 'BAL_TYPE': '', 'FULE_TYPE': '', 'DOC_CHARG': None}
2025-09-14 15:07:55,098 - INFO - Sample record 3: {'PRTCD': '  104', 'PRTNM': 'CONTRA A/C.', 'OP_BL': 0.0, 'DB_TOT': 0.0, 'CR_TOT': 0.0, 'CL_BL': 0.0, 'ADR1': '', 'ADR2': '', 'ADR3': '', 'CITY': 'BAVLA', 'PIN_CODE': '', 'CONT_DI': '', 'CONT_AC': '', 'PHONE_1': '', 'PHONE_2': '', 'PHONE_3': '', 'FAX_NO': '', 'MOBILE': '', 'PERIOD_F': None, 'PERIOD_T': None, 'GROUP': '2 3 4', 'DISCOUNT': 0.0, 'FLAG': '', 'CONSIGNEE': '', 'CENTER': '', 'LAST_DOC': 0, 'TMP_CR': 0.0, 'TMP_DB': 0.0, 'TMP_CL': 0.0, 'DISC_PER': 0.0, 'SERVICE': False, 'BRANCH': 0, 'LAST_DATE': None, 'HOLD_PARTY': False, 'ZERO_RATE': False, 'COLL_TIME': '', 'SUMM_BILL': False, 'C_CODE': '', 'DEF_WT': 0.0, 'DEF_POD': '', 'BANK_PARTY': 'P', 'DLY_SUM': False, 'PASS': '', 'FULE_PER': 0.0, 'FULE_CHARG': 0.0, 'EMAIL_ID': '', 'W_FLAG': '', 'GST_TIN': '', 'STATE': 'Gujarat', 'HSN_CODE': '', 'COUNTRY': '', 'USER_ID': '', 'REF_ID': '', 'BAL_TYPE': '', 'FULE_TYPE': '', 'DOC_CHARG': None}
2025-09-14 15:07:55,099 - INFO - Sample record 4: {'PRTCD': '  105', 'PRTNM': 'DISCOUNT (KASAR) A/C', 'OP_BL': 23211.08, 'DB_TOT': 0.0, 'CR_TOT': 0.0, 'CL_BL': 23211.08, 'ADR1': '', 'ADR2': '', 'ADR3': '', 'CITY': 'BAVLA', 'PIN_CODE': '', 'CONT_DI': '', 'CONT_AC': '', 'PHONE_1': '', 'PHONE_2': '', 'PHONE_3': '', 'FAX_NO': '', 'MOBILE': '', 'PERIOD_F': None, 'PERIOD_T': None, 'GROUP': '3 1 1', 'DISCOUNT': 0.0, 'FLAG': '', 'CONSIGNEE': '', 'CENTER': '', 'LAST_DOC': 0, 'TMP_CR': 0.0, 'TMP_DB': 31.0, 'TMP_CL': 31.0, 'DISC_PER': 0.0, 'SERVICE': False, 'BRANCH': 0, 'LAST_DATE': None, 'HOLD_PARTY': False, 'ZERO_RATE': False, 'COLL_TIME': '', 'SUMM_BILL': False, 'C_CODE': '', 'DEF_WT': 0.0, 'DEF_POD': '', 'BANK_PARTY': 'P', 'DLY_SUM': False, 'PASS': '', 'FULE_PER': 0.0, 'FULE_CHARG': 0.0, 'EMAIL_ID': '', 'W_FLAG': '', 'GST_TIN': '', 'STATE': 'Gujarat', 'HSN_CODE': '', 'COUNTRY': '', 'USER_ID': '', 'REF_ID': '', 'BAL_TYPE': '', 'FULE_TYPE': '', 'DOC_CHARG': None}
2025-09-14 15:07:55,103 - INFO - Successfully retrieved 118 parties
2025-09-14 15:07:55,103 - INFO - Party 0: A1 - SUREJA INDUSTRIES (237)
2025-09-14 15:07:55,103 - INFO - Party 1: ACTIVA SCOOTER(GJ01 SW 7616) (130)
2025-09-14 15:07:55,103 - INFO - Party 2: ADROIT TECHNA (231)
2025-09-14 15:07:55,103 - INFO - Party 3: ALMON HEALTHCARE PVT LTD (297)
2025-09-14 15:07:55,104 - INFO - Party 4: ALPIC REMEDIES (303)
2025-09-14 15:07:55,104 - INFO - API: Returning 118 parties
2025-09-14 15:07:55,104 - INFO - API Party 0: {'code': '237', 'name': 'A1 - SUREJA INDUSTRIES', 'city': 'BAVLA', 'phone': '', 'mobile': '', 'adr1': 'KERALA GIDC,', 'adr2': 'BAVLA', 'adr3': ''}
2025-09-14 15:07:55,104 - INFO - API Party 1: {'code': '130', 'name': 'ACTIVA SCOOTER(GJ01 SW 7616)', 'city': 'BAVLA', 'phone': '', 'mobile': '', 'adr1': '', 'adr2': '', 'adr3': ''}
2025-09-14 15:07:55,104 - INFO - API Party 2: {'code': '231', 'name': 'ADROIT TECHNA', 'city': '', 'phone': '', 'mobile': '', 'adr1': '', 'adr2': '', 'adr3': ''}
2025-09-14 15:07:55,104 - INFO - 127.0.0.1 - - [14/Sep/2025 15:07:55] "GET /api/parties HTTP/1.1" 200 -
2025-09-14 15:08:04,103 - INFO - Trying ODBC connection: DRIVER={Microsoft Visual FoxPro Driver};SourceType=DBF;SourceDB=S:\COURIER;Exclusive=No;NULL=No;Collate=Machine;
2025-09-14 15:08:04,105 - WARNING - ODBC connection failed with: ('IM002', '[IM002] [Microsoft][ODBC Driver Manager] Data source name not found and no default driver specified (0) (SQLDriverConnect)')
2025-09-14 15:08:04,105 - INFO - Trying ODBC connection: DRIVER={Microsoft dBASE Driver (*.dbf)};DefaultDir=S:\COURIER;
2025-09-14 15:08:04,105 - WARNING - ODBC connection failed with: ('IM002', '[IM002] [Microsoft][ODBC Driver Manager] Data source name not found and no default driver specified (0) (SQLDriverConnect)')
2025-09-14 15:08:04,105 - INFO - Trying ODBC connection: Provider=vfpoledb;Data Source=S:\COURIER;Collating Sequence=machine
2025-09-14 15:08:04,105 - WARNING - ODBC connection failed with: ('IM002', '[IM002] [Microsoft][ODBC Driver Manager] Data source name not found and no default driver specified (0) (SQLDriverConnect)')
2025-09-14 15:08:04,105 - ERROR - ODBC connection failed: Could not establish ODBC connection with any driver
2025-09-14 15:08:04,106 - INFO - Loading dockets from 2025-08-15 to 2025-09-14, party: 242
2025-09-14 15:08:04,106 - INFO - Trying to read DLCHLN.DBF with encoding: cp1252
2025-09-14 15:08:04,350 - INFO - Successfully read DLCHLN.DBF with encoding: cp1252, records: 4698
2025-09-14 15:08:04,358 - INFO - Sample docket record 0: {'DOC_NO': 1048986666, 'SUB_DOC': None, 'DATE': datetime.date(2025, 4, 1), 'BRANCH': 0, 'PRTCD': '  137', 'CITY': 'AHMEDABAD', 'RATE': 5.0, 'AMOUNT': 5.0, 'WEIGHT': 100.0, 'PARTY': 'THAKKAR ASSOCIATES', 'COVER': 'C', 'BILL_NO': '', 'BILL_DATE': None, 'REMARK': '01/04/2024', 'DISCOUNT': 0.0, 'PR_FLAG': None, 'PRT_DOC': '', 'C_ADR1': '', 'C_ADR2': '', 'C_ADR3': '', 'P_O_D': '', 'POD_REC': None, 'POD_DLV': None, 'D_VALUE': 0, 'INSURANCE': 0, 'USER': 'MAIN', 'AREA': 0, 'R_FLAG': '', 'RETURN_DT': '', 'BHARATIYA': None, 'C_CODE': '', 'CNT_CODE': '', 'NONBRANCH': False, 'BANK_PARTY': 'P', 'CODE': '', 'BH_NO': 0, 'REC_SIGN': '', 'REC_DATE': None, 'STAMP': '', 'TO_PAY': '', 'DLV_DATE': None, 'DLV_TO': '', 'D_STATUS': None, 'COUNTRY': '', 'AIR_DOOR': '', 'TYPE_EXPO': '', 'CASE': None, 'OTHER': None, 'SELF_STAT': '', 'SELF_DATE': None, 'CO_BOOK': 0, 'MOBILE_NO': '', 'W_FLAG': '', 'OLD_YEAR': True, 'TIME': '19:38', 'REMARK1': ''}
2025-09-14 15:08:04,359 - INFO - Sample docket record 1: {'DOC_NO': 1048986816, 'SUB_DOC': None, 'DATE': datetime.date(2025, 4, 1), 'BRANCH': 0, 'PRTCD': '  120', 'CITY': 'AHMEDABAD', 'RATE': 20.0, 'AMOUNT': 20.0, 'WEIGHT': 100.0, 'PARTY': 'DAMJI SAVALIYA', 'COVER': 'C', 'BILL_NO': '', 'BILL_DATE': None, 'REMARK': '01/04/2024', 'DISCOUNT': 0.0, 'PR_FLAG': None, 'PRT_DOC': '', 'C_ADR1': '', 'C_ADR2': '', 'C_ADR3': '', 'P_O_D': '', 'POD_REC': None, 'POD_DLV': None, 'D_VALUE': 0, 'INSURANCE': 0, 'USER': 'MAIN', 'AREA': 0, 'R_FLAG': '', 'RETURN_DT': '', 'BHARATIYA': None, 'C_CODE': '', 'CNT_CODE': '', 'NONBRANCH': False, 'BANK_PARTY': 'P', 'CODE': '', 'BH_NO': 0, 'REC_SIGN': '', 'REC_DATE': None, 'STAMP': '', 'TO_PAY': '', 'DLV_DATE': None, 'DLV_TO': '', 'D_STATUS': None, 'COUNTRY': '', 'AIR_DOOR': '', 'TYPE_EXPO': '', 'CASE': None, 'OTHER': None, 'SELF_STAT': '', 'SELF_DATE': None, 'CO_BOOK': 0, 'MOBILE_NO': '', 'W_FLAG': '', 'OLD_YEAR': True, 'TIME': '15:21', 'REMARK1': ''}
2025-09-14 15:08:04,359 - INFO - Sample docket record 2: {'DOC_NO': 1048986815, 'SUB_DOC': None, 'DATE': datetime.date(2025, 4, 1), 'BRANCH': 0, 'PRTCD': '  120', 'CITY': 'AHMEDABAD', 'RATE': 20.0, 'AMOUNT': 20.0, 'WEIGHT': 100.0, 'PARTY': 'MR BHAVIK BHAI', 'COVER': 'C', 'BILL_NO': '', 'BILL_DATE': None, 'REMARK': '01/04/2024', 'DISCOUNT': 0.0, 'PR_FLAG': None, 'PRT_DOC': '', 'C_ADR1': '', 'C_ADR2': '', 'C_ADR3': '', 'P_O_D': '', 'POD_REC': None, 'POD_DLV': None, 'D_VALUE': 0, 'INSURANCE': 0, 'USER': 'MAIN', 'AREA': 0, 'R_FLAG': '', 'RETURN_DT': '', 'BHARATIYA': None, 'C_CODE': '', 'CNT_CODE': '', 'NONBRANCH': False, 'BANK_PARTY': 'P', 'CODE': '', 'BH_NO': 0, 'REC_SIGN': '', 'REC_DATE': None, 'STAMP': '', 'TO_PAY': '', 'DLV_DATE': None, 'DLV_TO': '', 'D_STATUS': None, 'COUNTRY': '', 'AIR_DOOR': '', 'TYPE_EXPO': '', 'CASE': None, 'OTHER': None, 'SELF_STAT': '', 'SELF_DATE': None, 'CO_BOOK': 0, 'MOBILE_NO': '', 'W_FLAG': '', 'OLD_YEAR': True, 'TIME': '15:21', 'REMARK1': ''}
2025-09-14 15:08:04,684 - INFO - Retrieved 11 dockets
2025-09-14 15:08:04,685 - INFO - Starting to load parties...
2025-09-14 15:08:04,685 - INFO - Trying to read PRTMST.DBF with encoding: cp1252
2025-09-14 15:08:04,695 - INFO - Successfully read PRTMST.DBF with encoding: cp1252, records: 118
2025-09-14 15:08:04,696 - INFO - Sample record 0: {'PRTCD': '  101', 'PRTNM': 'CASH COLLECTION', 'OP_BL': 0.0, 'DB_TOT': 0.0, 'CR_TOT': 0.0, 'CL_BL': 0.0, 'ADR1': '', 'ADR2': '', 'ADR3': '', 'CITY': 'BAVLA', 'PIN_CODE': '', 'CONT_DI': '', 'CONT_AC': '', 'PHONE_1': '', 'PHONE_2': '', 'PHONE_3': '', 'FAX_NO': '', 'MOBILE': '', 'PERIOD_F': None, 'PERIOD_T': None, 'GROUP': '4 1 1', 'DISCOUNT': 0.0, 'FLAG': '', 'CONSIGNEE': '', 'CENTER': '', 'LAST_DOC': 0, 'TMP_CR': 0.0, 'TMP_DB': 0.0, 'TMP_CL': 0.0, 'DISC_PER': 0.0, 'SERVICE': False, 'BRANCH': 0, 'LAST_DATE': None, 'HOLD_PARTY': False, 'ZERO_RATE': False, 'COLL_TIME': '', 'SUMM_BILL': False, 'C_CODE': '', 'DEF_WT': 0.0, 'DEF_POD': '', 'BANK_PARTY': 'P', 'DLY_SUM': False, 'PASS': '', 'FULE_PER': 0.0, 'FULE_CHARG': 0.0, 'EMAIL_ID': '', 'W_FLAG': '', 'GST_TIN': '', 'STATE': 'Gujarat', 'HSN_CODE': '', 'COUNTRY': '', 'USER_ID': '', 'REF_ID': '', 'BAL_TYPE': '', 'FULE_TYPE': '', 'DOC_CHARG': None}
2025-09-14 15:08:04,697 - INFO - Sample record 1: {'PRTCD': '  102', 'PRTNM': 'TOTAL COLLECTION', 'OP_BL': -9025078.02, 'DB_TOT': 0.0, 'CR_TOT': 424985.89, 'CL_BL': -9450063.91, 'ADR1': '', 'ADR2': '', 'ADR3': '', 'CITY': 'BAVLA', 'PIN_CODE': '', 'CONT_DI': '', 'CONT_AC': '', 'PHONE_1': '', 'PHONE_2': '', 'PHONE_3': '', 'FAX_NO': '', 'MOBILE': '', 'PERIOD_F': None, 'PERIOD_T': None, 'GROUP': '4 1 1', 'DISCOUNT': 0.0, 'FLAG': '', 'CONSIGNEE': '', 'CENTER': '', 'LAST_DOC': 0, 'TMP_CR': 1093570.01, 'TMP_DB': 0.0, 'TMP_CL': -1093570.01, 'DISC_PER': 0.0, 'SERVICE': False, 'BRANCH': 0, 'LAST_DATE': None, 'HOLD_PARTY': False, 'ZERO_RATE': False, 'COLL_TIME': '', 'SUMM_BILL': False, 'C_CODE': '', 'DEF_WT': 0.0, 'DEF_POD': '', 'BANK_PARTY': 'P', 'DLY_SUM': False, 'PASS': '', 'FULE_PER': 0.0, 'FULE_CHARG': 0.0, 'EMAIL_ID': '', 'W_FLAG': '', 'GST_TIN': '', 'STATE': 'Gujarat', 'HSN_CODE': '', 'COUNTRY': '', 'USER_ID': '', 'REF_ID': '', 'BAL_TYPE': '', 'FULE_TYPE': '', 'DOC_CHARG': None}
2025-09-14 15:08:04,697 - INFO - Sample record 2: {'PRTCD': '  103', 'PRTNM': 'CASH ON HAND', 'OP_BL': 49059.9, 'DB_TOT': 2990.01, 'CR_TOT': 0.0, 'CL_BL': 52049.91, 'ADR1': '', 'ADR2': '', 'ADR3': '', 'CITY': 'BAVLA', 'PIN_CODE': '', 'CONT_DI': '', 'CONT_AC': '', 'PHONE_1': '', 'PHONE_2': '', 'PHONE_3': '', 'FAX_NO': '', 'MOBILE': '', 'PERIOD_F': None, 'PERIOD_T': None, 'GROUP': '2 3 4', 'DISCOUNT': 0.0, 'FLAG': '', 'CONSIGNEE': '', 'CENTER': '', 'LAST_DOC': 0, 'TMP_CR': 600.0, 'TMP_DB': 40078.79, 'TMP_CL': 39478.79, 'DISC_PER': 0.0, 'SERVICE': False, 'BRANCH': 0, 'LAST_DATE': None, 'HOLD_PARTY': False, 'ZERO_RATE': False, 'COLL_TIME': '', 'SUMM_BILL': False, 'C_CODE': '', 'DEF_WT': 0.0, 'DEF_POD': '', 'BANK_PARTY': 'P', 'DLY_SUM': False, 'PASS': '', 'FULE_PER': 0.0, 'FULE_CHARG': 0.0, 'EMAIL_ID': '', 'W_FLAG': '', 'GST_TIN': '', 'STATE': 'Gujarat', 'HSN_CODE': '', 'COUNTRY': '', 'USER_ID': '', 'REF_ID': '', 'BAL_TYPE': '', 'FULE_TYPE': '', 'DOC_CHARG': None}
2025-09-14 15:08:04,697 - INFO - Sample record 3: {'PRTCD': '  104', 'PRTNM': 'CONTRA A/C.', 'OP_BL': 0.0, 'DB_TOT': 0.0, 'CR_TOT': 0.0, 'CL_BL': 0.0, 'ADR1': '', 'ADR2': '', 'ADR3': '', 'CITY': 'BAVLA', 'PIN_CODE': '', 'CONT_DI': '', 'CONT_AC': '', 'PHONE_1': '', 'PHONE_2': '', 'PHONE_3': '', 'FAX_NO': '', 'MOBILE': '', 'PERIOD_F': None, 'PERIOD_T': None, 'GROUP': '2 3 4', 'DISCOUNT': 0.0, 'FLAG': '', 'CONSIGNEE': '', 'CENTER': '', 'LAST_DOC': 0, 'TMP_CR': 0.0, 'TMP_DB': 0.0, 'TMP_CL': 0.0, 'DISC_PER': 0.0, 'SERVICE': False, 'BRANCH': 0, 'LAST_DATE': None, 'HOLD_PARTY': False, 'ZERO_RATE': False, 'COLL_TIME': '', 'SUMM_BILL': False, 'C_CODE': '', 'DEF_WT': 0.0, 'DEF_POD': '', 'BANK_PARTY': 'P', 'DLY_SUM': False, 'PASS': '', 'FULE_PER': 0.0, 'FULE_CHARG': 0.0, 'EMAIL_ID': '', 'W_FLAG': '', 'GST_TIN': '', 'STATE': 'Gujarat', 'HSN_CODE': '', 'COUNTRY': '', 'USER_ID': '', 'REF_ID': '', 'BAL_TYPE': '', 'FULE_TYPE': '', 'DOC_CHARG': None}
2025-09-14 15:08:04,698 - INFO - Sample record 4: {'PRTCD': '  105', 'PRTNM': 'DISCOUNT (KASAR) A/C', 'OP_BL': 23211.08, 'DB_TOT': 0.0, 'CR_TOT': 0.0, 'CL_BL': 23211.08, 'ADR1': '', 'ADR2': '', 'ADR3': '', 'CITY': 'BAVLA', 'PIN_CODE': '', 'CONT_DI': '', 'CONT_AC': '', 'PHONE_1': '', 'PHONE_2': '', 'PHONE_3': '', 'FAX_NO': '', 'MOBILE': '', 'PERIOD_F': None, 'PERIOD_T': None, 'GROUP': '3 1 1', 'DISCOUNT': 0.0, 'FLAG': '', 'CONSIGNEE': '', 'CENTER': '', 'LAST_DOC': 0, 'TMP_CR': 0.0, 'TMP_DB': 31.0, 'TMP_CL': 31.0, 'DISC_PER': 0.0, 'SERVICE': False, 'BRANCH': 0, 'LAST_DATE': None, 'HOLD_PARTY': False, 'ZERO_RATE': False, 'COLL_TIME': '', 'SUMM_BILL': False, 'C_CODE': '', 'DEF_WT': 0.0, 'DEF_POD': '', 'BANK_PARTY': 'P', 'DLY_SUM': False, 'PASS': '', 'FULE_PER': 0.0, 'FULE_CHARG': 0.0, 'EMAIL_ID': '', 'W_FLAG': '', 'GST_TIN': '', 'STATE': 'Gujarat', 'HSN_CODE': '', 'COUNTRY': '', 'USER_ID': '', 'REF_ID': '', 'BAL_TYPE': '', 'FULE_TYPE': '', 'DOC_CHARG': None}
2025-09-14 15:08:04,708 - INFO - Successfully retrieved 118 parties
2025-09-14 15:08:04,708 - INFO - Party 0: A1 - SUREJA INDUSTRIES (237)
2025-09-14 15:08:04,708 - INFO - Party 1: ACTIVA SCOOTER(GJ01 SW 7616) (130)
2025-09-14 15:08:04,708 - INFO - Party 2: ADROIT TECHNA (231)
2025-09-14 15:08:04,708 - INFO - Party 3: ALMON HEALTHCARE PVT LTD (297)
2025-09-14 15:08:04,709 - INFO - Party 4: ALPIC REMEDIES (303)
2025-09-14 15:08:04,737 - INFO - PDF generated successfully: C:\Users\AUMTEC~1\AppData\Local\Temp\tmpiekl1w6l.pdf
2025-09-14 15:08:04,758 - INFO - 127.0.0.1 - - [14/Sep/2025 15:08:04] "POST /generate HTTP/1.1" 200 -
2025-09-14 15:11:38,069 - INFO - 127.0.0.1 - - [14/Sep/2025 15:11:38] "GET / HTTP/1.1" 200 -
2025-09-14 15:11:38,871 - INFO - 127.0.0.1 - - [14/Sep/2025 15:11:38] "GET /api/dependencies HTTP/1.1" 200 -
2025-09-14 15:11:38,875 - INFO - 127.0.0.1 - - [14/Sep/2025 15:11:38] "[33mGET /favicon.ico HTTP/1.1[0m" 404 -
2025-09-14 15:11:39,189 - INFO - API: Testing connection...
2025-09-14 15:11:39,190 - INFO - Trying to read DLCHLN.DBF with encoding: cp1252
2025-09-14 15:11:39,465 - INFO - Successfully read DLCHLN.DBF with encoding: cp1252, records: 4698
2025-09-14 15:11:39,472 - INFO - Trying to read PRTMST.DBF with encoding: cp1252
2025-09-14 15:11:39,482 - INFO - Successfully read PRTMST.DBF with encoding: cp1252, records: 118
2025-09-14 15:11:39,836 - INFO - Successfully connected to DBF files
2025-09-14 15:11:39,836 - INFO - DLCHLN records: 4698 (encoding: cp1252)
2025-09-14 15:11:39,837 - INFO - PRTMST records: 118 (encoding: cp1252)
2025-09-14 15:11:39,837 - INFO - API: Connection test result: True
2025-09-14 15:11:39,837 - INFO - 127.0.0.1 - - [14/Sep/2025 15:11:39] "GET /api/test-connection HTTP/1.1" 200 -
2025-09-14 15:11:40,151 - INFO - API: Getting parties...
2025-09-14 15:11:40,151 - INFO - Starting to load parties...
2025-09-14 15:11:40,151 - INFO - Trying to read PRTMST.DBF with encoding: cp1252
2025-09-14 15:11:40,157 - INFO - Successfully read PRTMST.DBF with encoding: cp1252, records: 118
2025-09-14 15:11:40,157 - INFO - Sample record 0: {'PRTCD': '  101', 'PRTNM': 'CASH COLLECTION', 'OP_BL': 0.0, 'DB_TOT': 0.0, 'CR_TOT': 0.0, 'CL_BL': 0.0, 'ADR1': '', 'ADR2': '', 'ADR3': '', 'CITY': 'BAVLA', 'PIN_CODE': '', 'CONT_DI': '', 'CONT_AC': '', 'PHONE_1': '', 'PHONE_2': '', 'PHONE_3': '', 'FAX_NO': '', 'MOBILE': '', 'PERIOD_F': None, 'PERIOD_T': None, 'GROUP': '4 1 1', 'DISCOUNT': 0.0, 'FLAG': '', 'CONSIGNEE': '', 'CENTER': '', 'LAST_DOC': 0, 'TMP_CR': 0.0, 'TMP_DB': 0.0, 'TMP_CL': 0.0, 'DISC_PER': 0.0, 'SERVICE': False, 'BRANCH': 0, 'LAST_DATE': None, 'HOLD_PARTY': False, 'ZERO_RATE': False, 'COLL_TIME': '', 'SUMM_BILL': False, 'C_CODE': '', 'DEF_WT': 0.0, 'DEF_POD': '', 'BANK_PARTY': 'P', 'DLY_SUM': False, 'PASS': '', 'FULE_PER': 0.0, 'FULE_CHARG': 0.0, 'EMAIL_ID': '', 'W_FLAG': '', 'GST_TIN': '', 'STATE': 'Gujarat', 'HSN_CODE': '', 'COUNTRY': '', 'USER_ID': '', 'REF_ID': '', 'BAL_TYPE': '', 'FULE_TYPE': '', 'DOC_CHARG': None}
2025-09-14 15:11:40,157 - INFO - Sample record 1: {'PRTCD': '  102', 'PRTNM': 'TOTAL COLLECTION', 'OP_BL': -9025078.02, 'DB_TOT': 0.0, 'CR_TOT': 424985.89, 'CL_BL': -9450063.91, 'ADR1': '', 'ADR2': '', 'ADR3': '', 'CITY': 'BAVLA', 'PIN_CODE': '', 'CONT_DI': '', 'CONT_AC': '', 'PHONE_1': '', 'PHONE_2': '', 'PHONE_3': '', 'FAX_NO': '', 'MOBILE': '', 'PERIOD_F': None, 'PERIOD_T': None, 'GROUP': '4 1 1', 'DISCOUNT': 0.0, 'FLAG': '', 'CONSIGNEE': '', 'CENTER': '', 'LAST_DOC': 0, 'TMP_CR': 1093570.01, 'TMP_DB': 0.0, 'TMP_CL': -1093570.01, 'DISC_PER': 0.0, 'SERVICE': False, 'BRANCH': 0, 'LAST_DATE': None, 'HOLD_PARTY': False, 'ZERO_RATE': False, 'COLL_TIME': '', 'SUMM_BILL': False, 'C_CODE': '', 'DEF_WT': 0.0, 'DEF_POD': '', 'BANK_PARTY': 'P', 'DLY_SUM': False, 'PASS': '', 'FULE_PER': 0.0, 'FULE_CHARG': 0.0, 'EMAIL_ID': '', 'W_FLAG': '', 'GST_TIN': '', 'STATE': 'Gujarat', 'HSN_CODE': '', 'COUNTRY': '', 'USER_ID': '', 'REF_ID': '', 'BAL_TYPE': '', 'FULE_TYPE': '', 'DOC_CHARG': None}
2025-09-14 15:11:40,157 - INFO - Sample record 2: {'PRTCD': '  103', 'PRTNM': 'CASH ON HAND', 'OP_BL': 49059.9, 'DB_TOT': 2990.01, 'CR_TOT': 0.0, 'CL_BL': 52049.91, 'ADR1': '', 'ADR2': '', 'ADR3': '', 'CITY': 'BAVLA', 'PIN_CODE': '', 'CONT_DI': '', 'CONT_AC': '', 'PHONE_1': '', 'PHONE_2': '', 'PHONE_3': '', 'FAX_NO': '', 'MOBILE': '', 'PERIOD_F': None, 'PERIOD_T': None, 'GROUP': '2 3 4', 'DISCOUNT': 0.0, 'FLAG': '', 'CONSIGNEE': '', 'CENTER': '', 'LAST_DOC': 0, 'TMP_CR': 600.0, 'TMP_DB': 40078.79, 'TMP_CL': 39478.79, 'DISC_PER': 0.0, 'SERVICE': False, 'BRANCH': 0, 'LAST_DATE': None, 'HOLD_PARTY': False, 'ZERO_RATE': False, 'COLL_TIME': '', 'SUMM_BILL': False, 'C_CODE': '', 'DEF_WT': 0.0, 'DEF_POD': '', 'BANK_PARTY': 'P', 'DLY_SUM': False, 'PASS': '', 'FULE_PER': 0.0, 'FULE_CHARG': 0.0, 'EMAIL_ID': '', 'W_FLAG': '', 'GST_TIN': '', 'STATE': 'Gujarat', 'HSN_CODE': '', 'COUNTRY': '', 'USER_ID': '', 'REF_ID': '', 'BAL_TYPE': '', 'FULE_TYPE': '', 'DOC_CHARG': None}
2025-09-14 15:11:40,158 - INFO - Sample record 3: {'PRTCD': '  104', 'PRTNM': 'CONTRA A/C.', 'OP_BL': 0.0, 'DB_TOT': 0.0, 'CR_TOT': 0.0, 'CL_BL': 0.0, 'ADR1': '', 'ADR2': '', 'ADR3': '', 'CITY': 'BAVLA', 'PIN_CODE': '', 'CONT_DI': '', 'CONT_AC': '', 'PHONE_1': '', 'PHONE_2': '', 'PHONE_3': '', 'FAX_NO': '', 'MOBILE': '', 'PERIOD_F': None, 'PERIOD_T': None, 'GROUP': '2 3 4', 'DISCOUNT': 0.0, 'FLAG': '', 'CONSIGNEE': '', 'CENTER': '', 'LAST_DOC': 0, 'TMP_CR': 0.0, 'TMP_DB': 0.0, 'TMP_CL': 0.0, 'DISC_PER': 0.0, 'SERVICE': False, 'BRANCH': 0, 'LAST_DATE': None, 'HOLD_PARTY': False, 'ZERO_RATE': False, 'COLL_TIME': '', 'SUMM_BILL': False, 'C_CODE': '', 'DEF_WT': 0.0, 'DEF_POD': '', 'BANK_PARTY': 'P', 'DLY_SUM': False, 'PASS': '', 'FULE_PER': 0.0, 'FULE_CHARG': 0.0, 'EMAIL_ID': '', 'W_FLAG': '', 'GST_TIN': '', 'STATE': 'Gujarat', 'HSN_CODE': '', 'COUNTRY': '', 'USER_ID': '', 'REF_ID': '', 'BAL_TYPE': '', 'FULE_TYPE': '', 'DOC_CHARG': None}
2025-09-14 15:11:40,158 - INFO - Sample record 4: {'PRTCD': '  105', 'PRTNM': 'DISCOUNT (KASAR) A/C', 'OP_BL': 23211.08, 'DB_TOT': 0.0, 'CR_TOT': 0.0, 'CL_BL': 23211.08, 'ADR1': '', 'ADR2': '', 'ADR3': '', 'CITY': 'BAVLA', 'PIN_CODE': '', 'CONT_DI': '', 'CONT_AC': '', 'PHONE_1': '', 'PHONE_2': '', 'PHONE_3': '', 'FAX_NO': '', 'MOBILE': '', 'PERIOD_F': None, 'PERIOD_T': None, 'GROUP': '3 1 1', 'DISCOUNT': 0.0, 'FLAG': '', 'CONSIGNEE': '', 'CENTER': '', 'LAST_DOC': 0, 'TMP_CR': 0.0, 'TMP_DB': 31.0, 'TMP_CL': 31.0, 'DISC_PER': 0.0, 'SERVICE': False, 'BRANCH': 0, 'LAST_DATE': None, 'HOLD_PARTY': False, 'ZERO_RATE': False, 'COLL_TIME': '', 'SUMM_BILL': False, 'C_CODE': '', 'DEF_WT': 0.0, 'DEF_POD': '', 'BANK_PARTY': 'P', 'DLY_SUM': False, 'PASS': '', 'FULE_PER': 0.0, 'FULE_CHARG': 0.0, 'EMAIL_ID': '', 'W_FLAG': '', 'GST_TIN': '', 'STATE': 'Gujarat', 'HSN_CODE': '', 'COUNTRY': '', 'USER_ID': '', 'REF_ID': '', 'BAL_TYPE': '', 'FULE_TYPE': '', 'DOC_CHARG': None}
2025-09-14 15:11:40,162 - INFO - Successfully retrieved 118 parties
2025-09-14 15:11:40,162 - INFO - Party 0: A1 - SUREJA INDUSTRIES (237)
2025-09-14 15:11:40,162 - INFO - Party 1: ACTIVA SCOOTER(GJ01 SW 7616) (130)
2025-09-14 15:11:40,162 - INFO - Party 2: ADROIT TECHNA (231)
2025-09-14 15:11:40,162 - INFO - Party 3: ALMON HEALTHCARE PVT LTD (297)
2025-09-14 15:11:40,163 - INFO - Party 4: ALPIC REMEDIES (303)
2025-09-14 15:11:40,163 - INFO - API: Returning 118 parties
2025-09-14 15:11:40,163 - INFO - API Party 0: {'code': '237', 'name': 'A1 - SUREJA INDUSTRIES', 'city': 'BAVLA', 'phone': '', 'mobile': '', 'adr1': 'KERALA GIDC,', 'adr2': 'BAVLA', 'adr3': ''}
2025-09-14 15:11:40,163 - INFO - API Party 1: {'code': '130', 'name': 'ACTIVA SCOOTER(GJ01 SW 7616)', 'city': 'BAVLA', 'phone': '', 'mobile': '', 'adr1': '', 'adr2': '', 'adr3': ''}
2025-09-14 15:11:40,163 - INFO - API Party 2: {'code': '231', 'name': 'ADROIT TECHNA', 'city': '', 'phone': '', 'mobile': '', 'adr1': '', 'adr2': '', 'adr3': ''}
2025-09-14 15:11:40,163 - INFO - 127.0.0.1 - - [14/Sep/2025 15:11:40] "GET /api/parties HTTP/1.1" 200 -
2025-09-14 15:11:43,585 - INFO - Trying ODBC connection: DRIVER={Microsoft Visual FoxPro Driver};SourceType=DBF;SourceDB=S:\COURIER;Exclusive=No;NULL=No;Collate=Machine;
2025-09-14 15:11:43,585 - WARNING - ODBC connection failed with: ('IM002', '[IM002] [Microsoft][ODBC Driver Manager] Data source name not found and no default driver specified (0) (SQLDriverConnect)')
2025-09-14 15:11:43,586 - INFO - Trying ODBC connection: DRIVER={Microsoft dBASE Driver (*.dbf)};DefaultDir=S:\COURIER;
2025-09-14 15:11:43,586 - WARNING - ODBC connection failed with: ('IM002', '[IM002] [Microsoft][ODBC Driver Manager] Data source name not found and no default driver specified (0) (SQLDriverConnect)')
2025-09-14 15:11:43,586 - INFO - Trying ODBC connection: Provider=vfpoledb;Data Source=S:\COURIER;Collating Sequence=machine
2025-09-14 15:11:43,586 - WARNING - ODBC connection failed with: ('IM002', '[IM002] [Microsoft][ODBC Driver Manager] Data source name not found and no default driver specified (0) (SQLDriverConnect)')
2025-09-14 15:11:43,586 - ERROR - ODBC connection failed: Could not establish ODBC connection with any driver
2025-09-14 15:11:43,586 - INFO - Loading dockets from 2025-08-15 to 2025-09-14, party: 242
2025-09-14 15:11:43,586 - INFO - Trying to read DLCHLN.DBF with encoding: cp1252
2025-09-14 15:11:43,770 - INFO - Successfully read DLCHLN.DBF with encoding: cp1252, records: 4698
2025-09-14 15:11:43,775 - INFO - Sample docket record 0: {'DOC_NO': 1048986666, 'SUB_DOC': None, 'DATE': datetime.date(2025, 4, 1), 'BRANCH': 0, 'PRTCD': '  137', 'CITY': 'AHMEDABAD', 'RATE': 5.0, 'AMOUNT': 5.0, 'WEIGHT': 100.0, 'PARTY': 'THAKKAR ASSOCIATES', 'COVER': 'C', 'BILL_NO': '', 'BILL_DATE': None, 'REMARK': '01/04/2024', 'DISCOUNT': 0.0, 'PR_FLAG': None, 'PRT_DOC': '', 'C_ADR1': '', 'C_ADR2': '', 'C_ADR3': '', 'P_O_D': '', 'POD_REC': None, 'POD_DLV': None, 'D_VALUE': 0, 'INSURANCE': 0, 'USER': 'MAIN', 'AREA': 0, 'R_FLAG': '', 'RETURN_DT': '', 'BHARATIYA': None, 'C_CODE': '', 'CNT_CODE': '', 'NONBRANCH': False, 'BANK_PARTY': 'P', 'CODE': '', 'BH_NO': 0, 'REC_SIGN': '', 'REC_DATE': None, 'STAMP': '', 'TO_PAY': '', 'DLV_DATE': None, 'DLV_TO': '', 'D_STATUS': None, 'COUNTRY': '', 'AIR_DOOR': '', 'TYPE_EXPO': '', 'CASE': None, 'OTHER': None, 'SELF_STAT': '', 'SELF_DATE': None, 'CO_BOOK': 0, 'MOBILE_NO': '', 'W_FLAG': '', 'OLD_YEAR': True, 'TIME': '19:38', 'REMARK1': ''}
2025-09-14 15:11:43,776 - INFO - Sample docket record 1: {'DOC_NO': 1048986816, 'SUB_DOC': None, 'DATE': datetime.date(2025, 4, 1), 'BRANCH': 0, 'PRTCD': '  120', 'CITY': 'AHMEDABAD', 'RATE': 20.0, 'AMOUNT': 20.0, 'WEIGHT': 100.0, 'PARTY': 'DAMJI SAVALIYA', 'COVER': 'C', 'BILL_NO': '', 'BILL_DATE': None, 'REMARK': '01/04/2024', 'DISCOUNT': 0.0, 'PR_FLAG': None, 'PRT_DOC': '', 'C_ADR1': '', 'C_ADR2': '', 'C_ADR3': '', 'P_O_D': '', 'POD_REC': None, 'POD_DLV': None, 'D_VALUE': 0, 'INSURANCE': 0, 'USER': 'MAIN', 'AREA': 0, 'R_FLAG': '', 'RETURN_DT': '', 'BHARATIYA': None, 'C_CODE': '', 'CNT_CODE': '', 'NONBRANCH': False, 'BANK_PARTY': 'P', 'CODE': '', 'BH_NO': 0, 'REC_SIGN': '', 'REC_DATE': None, 'STAMP': '', 'TO_PAY': '', 'DLV_DATE': None, 'DLV_TO': '', 'D_STATUS': None, 'COUNTRY': '', 'AIR_DOOR': '', 'TYPE_EXPO': '', 'CASE': None, 'OTHER': None, 'SELF_STAT': '', 'SELF_DATE': None, 'CO_BOOK': 0, 'MOBILE_NO': '', 'W_FLAG': '', 'OLD_YEAR': True, 'TIME': '15:21', 'REMARK1': ''}
2025-09-14 15:11:43,776 - INFO - Sample docket record 2: {'DOC_NO': 1048986815, 'SUB_DOC': None, 'DATE': datetime.date(2025, 4, 1), 'BRANCH': 0, 'PRTCD': '  120', 'CITY': 'AHMEDABAD', 'RATE': 20.0, 'AMOUNT': 20.0, 'WEIGHT': 100.0, 'PARTY': 'MR BHAVIK BHAI', 'COVER': 'C', 'BILL_NO': '', 'BILL_DATE': None, 'REMARK': '01/04/2024', 'DISCOUNT': 0.0, 'PR_FLAG': None, 'PRT_DOC': '', 'C_ADR1': '', 'C_ADR2': '', 'C_ADR3': '', 'P_O_D': '', 'POD_REC': None, 'POD_DLV': None, 'D_VALUE': 0, 'INSURANCE': 0, 'USER': 'MAIN', 'AREA': 0, 'R_FLAG': '', 'RETURN_DT': '', 'BHARATIYA': None, 'C_CODE': '', 'CNT_CODE': '', 'NONBRANCH': False, 'BANK_PARTY': 'P', 'CODE': '', 'BH_NO': 0, 'REC_SIGN': '', 'REC_DATE': None, 'STAMP': '', 'TO_PAY': '', 'DLV_DATE': None, 'DLV_TO': '', 'D_STATUS': None, 'COUNTRY': '', 'AIR_DOOR': '', 'TYPE_EXPO': '', 'CASE': None, 'OTHER': None, 'SELF_STAT': '', 'SELF_DATE': None, 'CO_BOOK': 0, 'MOBILE_NO': '', 'W_FLAG': '', 'OLD_YEAR': True, 'TIME': '15:21', 'REMARK1': ''}
2025-09-14 15:11:44,043 - INFO - Retrieved 11 dockets
2025-09-14 15:11:44,045 - INFO - Starting to load parties...
2025-09-14 15:11:44,045 - INFO - Trying to read PRTMST.DBF with encoding: cp1252
2025-09-14 15:11:44,056 - INFO - Successfully read PRTMST.DBF with encoding: cp1252, records: 118
2025-09-14 15:11:44,057 - INFO - Sample record 0: {'PRTCD': '  101', 'PRTNM': 'CASH COLLECTION', 'OP_BL': 0.0, 'DB_TOT': 0.0, 'CR_TOT': 0.0, 'CL_BL': 0.0, 'ADR1': '', 'ADR2': '', 'ADR3': '', 'CITY': 'BAVLA', 'PIN_CODE': '', 'CONT_DI': '', 'CONT_AC': '', 'PHONE_1': '', 'PHONE_2': '', 'PHONE_3': '', 'FAX_NO': '', 'MOBILE': '', 'PERIOD_F': None, 'PERIOD_T': None, 'GROUP': '4 1 1', 'DISCOUNT': 0.0, 'FLAG': '', 'CONSIGNEE': '', 'CENTER': '', 'LAST_DOC': 0, 'TMP_CR': 0.0, 'TMP_DB': 0.0, 'TMP_CL': 0.0, 'DISC_PER': 0.0, 'SERVICE': False, 'BRANCH': 0, 'LAST_DATE': None, 'HOLD_PARTY': False, 'ZERO_RATE': False, 'COLL_TIME': '', 'SUMM_BILL': False, 'C_CODE': '', 'DEF_WT': 0.0, 'DEF_POD': '', 'BANK_PARTY': 'P', 'DLY_SUM': False, 'PASS': '', 'FULE_PER': 0.0, 'FULE_CHARG': 0.0, 'EMAIL_ID': '', 'W_FLAG': '', 'GST_TIN': '', 'STATE': 'Gujarat', 'HSN_CODE': '', 'COUNTRY': '', 'USER_ID': '', 'REF_ID': '', 'BAL_TYPE': '', 'FULE_TYPE': '', 'DOC_CHARG': None}
2025-09-14 15:11:44,057 - INFO - Sample record 1: {'PRTCD': '  102', 'PRTNM': 'TOTAL COLLECTION', 'OP_BL': -9025078.02, 'DB_TOT': 0.0, 'CR_TOT': 424985.89, 'CL_BL': -9450063.91, 'ADR1': '', 'ADR2': '', 'ADR3': '', 'CITY': 'BAVLA', 'PIN_CODE': '', 'CONT_DI': '', 'CONT_AC': '', 'PHONE_1': '', 'PHONE_2': '', 'PHONE_3': '', 'FAX_NO': '', 'MOBILE': '', 'PERIOD_F': None, 'PERIOD_T': None, 'GROUP': '4 1 1', 'DISCOUNT': 0.0, 'FLAG': '', 'CONSIGNEE': '', 'CENTER': '', 'LAST_DOC': 0, 'TMP_CR': 1093570.01, 'TMP_DB': 0.0, 'TMP_CL': -1093570.01, 'DISC_PER': 0.0, 'SERVICE': False, 'BRANCH': 0, 'LAST_DATE': None, 'HOLD_PARTY': False, 'ZERO_RATE': False, 'COLL_TIME': '', 'SUMM_BILL': False, 'C_CODE': '', 'DEF_WT': 0.0, 'DEF_POD': '', 'BANK_PARTY': 'P', 'DLY_SUM': False, 'PASS': '', 'FULE_PER': 0.0, 'FULE_CHARG': 0.0, 'EMAIL_ID': '', 'W_FLAG': '', 'GST_TIN': '', 'STATE': 'Gujarat', 'HSN_CODE': '', 'COUNTRY': '', 'USER_ID': '', 'REF_ID': '', 'BAL_TYPE': '', 'FULE_TYPE': '', 'DOC_CHARG': None}
2025-09-14 15:11:44,058 - INFO - Sample record 2: {'PRTCD': '  103', 'PRTNM': 'CASH ON HAND', 'OP_BL': 49059.9, 'DB_TOT': 2990.01, 'CR_TOT': 0.0, 'CL_BL': 52049.91, 'ADR1': '', 'ADR2': '', 'ADR3': '', 'CITY': 'BAVLA', 'PIN_CODE': '', 'CONT_DI': '', 'CONT_AC': '', 'PHONE_1': '', 'PHONE_2': '', 'PHONE_3': '', 'FAX_NO': '', 'MOBILE': '', 'PERIOD_F': None, 'PERIOD_T': None, 'GROUP': '2 3 4', 'DISCOUNT': 0.0, 'FLAG': '', 'CONSIGNEE': '', 'CENTER': '', 'LAST_DOC': 0, 'TMP_CR': 600.0, 'TMP_DB': 40078.79, 'TMP_CL': 39478.79, 'DISC_PER': 0.0, 'SERVICE': False, 'BRANCH': 0, 'LAST_DATE': None, 'HOLD_PARTY': False, 'ZERO_RATE': False, 'COLL_TIME': '', 'SUMM_BILL': False, 'C_CODE': '', 'DEF_WT': 0.0, 'DEF_POD': '', 'BANK_PARTY': 'P', 'DLY_SUM': False, 'PASS': '', 'FULE_PER': 0.0, 'FULE_CHARG': 0.0, 'EMAIL_ID': '', 'W_FLAG': '', 'GST_TIN': '', 'STATE': 'Gujarat', 'HSN_CODE': '', 'COUNTRY': '', 'USER_ID': '', 'REF_ID': '', 'BAL_TYPE': '', 'FULE_TYPE': '', 'DOC_CHARG': None}
2025-09-14 15:11:44,058 - INFO - Sample record 3: {'PRTCD': '  104', 'PRTNM': 'CONTRA A/C.', 'OP_BL': 0.0, 'DB_TOT': 0.0, 'CR_TOT': 0.0, 'CL_BL': 0.0, 'ADR1': '', 'ADR2': '', 'ADR3': '', 'CITY': 'BAVLA', 'PIN_CODE': '', 'CONT_DI': '', 'CONT_AC': '', 'PHONE_1': '', 'PHONE_2': '', 'PHONE_3': '', 'FAX_NO': '', 'MOBILE': '', 'PERIOD_F': None, 'PERIOD_T': None, 'GROUP': '2 3 4', 'DISCOUNT': 0.0, 'FLAG': '', 'CONSIGNEE': '', 'CENTER': '', 'LAST_DOC': 0, 'TMP_CR': 0.0, 'TMP_DB': 0.0, 'TMP_CL': 0.0, 'DISC_PER': 0.0, 'SERVICE': False, 'BRANCH': 0, 'LAST_DATE': None, 'HOLD_PARTY': False, 'ZERO_RATE': False, 'COLL_TIME': '', 'SUMM_BILL': False, 'C_CODE': '', 'DEF_WT': 0.0, 'DEF_POD': '', 'BANK_PARTY': 'P', 'DLY_SUM': False, 'PASS': '', 'FULE_PER': 0.0, 'FULE_CHARG': 0.0, 'EMAIL_ID': '', 'W_FLAG': '', 'GST_TIN': '', 'STATE': 'Gujarat', 'HSN_CODE': '', 'COUNTRY': '', 'USER_ID': '', 'REF_ID': '', 'BAL_TYPE': '', 'FULE_TYPE': '', 'DOC_CHARG': None}
2025-09-14 15:11:44,058 - INFO - Sample record 4: {'PRTCD': '  105', 'PRTNM': 'DISCOUNT (KASAR) A/C', 'OP_BL': 23211.08, 'DB_TOT': 0.0, 'CR_TOT': 0.0, 'CL_BL': 23211.08, 'ADR1': '', 'ADR2': '', 'ADR3': '', 'CITY': 'BAVLA', 'PIN_CODE': '', 'CONT_DI': '', 'CONT_AC': '', 'PHONE_1': '', 'PHONE_2': '', 'PHONE_3': '', 'FAX_NO': '', 'MOBILE': '', 'PERIOD_F': None, 'PERIOD_T': None, 'GROUP': '3 1 1', 'DISCOUNT': 0.0, 'FLAG': '', 'CONSIGNEE': '', 'CENTER': '', 'LAST_DOC': 0, 'TMP_CR': 0.0, 'TMP_DB': 31.0, 'TMP_CL': 31.0, 'DISC_PER': 0.0, 'SERVICE': False, 'BRANCH': 0, 'LAST_DATE': None, 'HOLD_PARTY': False, 'ZERO_RATE': False, 'COLL_TIME': '', 'SUMM_BILL': False, 'C_CODE': '', 'DEF_WT': 0.0, 'DEF_POD': '', 'BANK_PARTY': 'P', 'DLY_SUM': False, 'PASS': '', 'FULE_PER': 0.0, 'FULE_CHARG': 0.0, 'EMAIL_ID': '', 'W_FLAG': '', 'GST_TIN': '', 'STATE': 'Gujarat', 'HSN_CODE': '', 'COUNTRY': '', 'USER_ID': '', 'REF_ID': '', 'BAL_TYPE': '', 'FULE_TYPE': '', 'DOC_CHARG': None}
2025-09-14 15:11:44,070 - INFO - Successfully retrieved 118 parties
2025-09-14 15:11:44,071 - INFO - Party 0: A1 - SUREJA INDUSTRIES (237)
2025-09-14 15:11:44,071 - INFO - Party 1: ACTIVA SCOOTER(GJ01 SW 7616) (130)
2025-09-14 15:11:44,071 - INFO - Party 2: ADROIT TECHNA (231)
2025-09-14 15:11:44,071 - INFO - Party 3: ALMON HEALTHCARE PVT LTD (297)
2025-09-14 15:11:44,071 - INFO - Party 4: ALPIC REMEDIES (303)
2025-09-14 15:11:44,095 - INFO - PDF generated successfully: C:\Users\AUMTEC~1\AppData\Local\Temp\tmpp_5k4hjn.pdf
2025-09-14 15:11:44,108 - INFO - 127.0.0.1 - - [14/Sep/2025 15:11:44] "POST /generate HTTP/1.1" 200 -
2025-09-14 15:11:48,791 - INFO - Trying ODBC connection: DRIVER={Microsoft Visual FoxPro Driver};SourceType=DBF;SourceDB=S:\COURIER;Exclusive=No;NULL=No;Collate=Machine;
2025-09-14 15:11:48,792 - WARNING - ODBC connection failed with: ('IM002', '[IM002] [Microsoft][ODBC Driver Manager] Data source name not found and no default driver specified (0) (SQLDriverConnect)')
2025-09-14 15:11:48,792 - INFO - Trying ODBC connection: DRIVER={Microsoft dBASE Driver (*.dbf)};DefaultDir=S:\COURIER;
2025-09-14 15:11:48,793 - WARNING - ODBC connection failed with: ('IM002', '[IM002] [Microsoft][ODBC Driver Manager] Data source name not found and no default driver specified (0) (SQLDriverConnect)')
2025-09-14 15:11:48,793 - INFO - Trying ODBC connection: Provider=vfpoledb;Data Source=S:\COURIER;Collating Sequence=machine
2025-09-14 15:11:48,793 - WARNING - ODBC connection failed with: ('IM002', '[IM002] [Microsoft][ODBC Driver Manager] Data source name not found and no default driver specified (0) (SQLDriverConnect)')
2025-09-14 15:11:48,793 - ERROR - ODBC connection failed: Could not establish ODBC connection with any driver
2025-09-14 15:11:48,794 - INFO - Loading dockets from 2025-08-15 to 2025-09-14, party: 242
2025-09-14 15:11:48,794 - INFO - Trying to read DLCHLN.DBF with encoding: cp1252
2025-09-14 15:11:49,147 - INFO - Successfully read DLCHLN.DBF with encoding: cp1252, records: 4698
2025-09-14 15:11:49,155 - INFO - Sample docket record 0: {'DOC_NO': 1048986666, 'SUB_DOC': None, 'DATE': datetime.date(2025, 4, 1), 'BRANCH': 0, 'PRTCD': '  137', 'CITY': 'AHMEDABAD', 'RATE': 5.0, 'AMOUNT': 5.0, 'WEIGHT': 100.0, 'PARTY': 'THAKKAR ASSOCIATES', 'COVER': 'C', 'BILL_NO': '', 'BILL_DATE': None, 'REMARK': '01/04/2024', 'DISCOUNT': 0.0, 'PR_FLAG': None, 'PRT_DOC': '', 'C_ADR1': '', 'C_ADR2': '', 'C_ADR3': '', 'P_O_D': '', 'POD_REC': None, 'POD_DLV': None, 'D_VALUE': 0, 'INSURANCE': 0, 'USER': 'MAIN', 'AREA': 0, 'R_FLAG': '', 'RETURN_DT': '', 'BHARATIYA': None, 'C_CODE': '', 'CNT_CODE': '', 'NONBRANCH': False, 'BANK_PARTY': 'P', 'CODE': '', 'BH_NO': 0, 'REC_SIGN': '', 'REC_DATE': None, 'STAMP': '', 'TO_PAY': '', 'DLV_DATE': None, 'DLV_TO': '', 'D_STATUS': None, 'COUNTRY': '', 'AIR_DOOR': '', 'TYPE_EXPO': '', 'CASE': None, 'OTHER': None, 'SELF_STAT': '', 'SELF_DATE': None, 'CO_BOOK': 0, 'MOBILE_NO': '', 'W_FLAG': '', 'OLD_YEAR': True, 'TIME': '19:38', 'REMARK1': ''}
2025-09-14 15:11:49,156 - INFO - Sample docket record 1: {'DOC_NO': 1048986816, 'SUB_DOC': None, 'DATE': datetime.date(2025, 4, 1), 'BRANCH': 0, 'PRTCD': '  120', 'CITY': 'AHMEDABAD', 'RATE': 20.0, 'AMOUNT': 20.0, 'WEIGHT': 100.0, 'PARTY': 'DAMJI SAVALIYA', 'COVER': 'C', 'BILL_NO': '', 'BILL_DATE': None, 'REMARK': '01/04/2024', 'DISCOUNT': 0.0, 'PR_FLAG': None, 'PRT_DOC': '', 'C_ADR1': '', 'C_ADR2': '', 'C_ADR3': '', 'P_O_D': '', 'POD_REC': None, 'POD_DLV': None, 'D_VALUE': 0, 'INSURANCE': 0, 'USER': 'MAIN', 'AREA': 0, 'R_FLAG': '', 'RETURN_DT': '', 'BHARATIYA': None, 'C_CODE': '', 'CNT_CODE': '', 'NONBRANCH': False, 'BANK_PARTY': 'P', 'CODE': '', 'BH_NO': 0, 'REC_SIGN': '', 'REC_DATE': None, 'STAMP': '', 'TO_PAY': '', 'DLV_DATE': None, 'DLV_TO': '', 'D_STATUS': None, 'COUNTRY': '', 'AIR_DOOR': '', 'TYPE_EXPO': '', 'CASE': None, 'OTHER': None, 'SELF_STAT': '', 'SELF_DATE': None, 'CO_BOOK': 0, 'MOBILE_NO': '', 'W_FLAG': '', 'OLD_YEAR': True, 'TIME': '15:21', 'REMARK1': ''}
2025-09-14 15:11:49,156 - INFO - Sample docket record 2: {'DOC_NO': 1048986815, 'SUB_DOC': None, 'DATE': datetime.date(2025, 4, 1), 'BRANCH': 0, 'PRTCD': '  120', 'CITY': 'AHMEDABAD', 'RATE': 20.0, 'AMOUNT': 20.0, 'WEIGHT': 100.0, 'PARTY': 'MR BHAVIK BHAI', 'COVER': 'C', 'BILL_NO': '', 'BILL_DATE': None, 'REMARK': '01/04/2024', 'DISCOUNT': 0.0, 'PR_FLAG': None, 'PRT_DOC': '', 'C_ADR1': '', 'C_ADR2': '', 'C_ADR3': '', 'P_O_D': '', 'POD_REC': None, 'POD_DLV': None, 'D_VALUE': 0, 'INSURANCE': 0, 'USER': 'MAIN', 'AREA': 0, 'R_FLAG': '', 'RETURN_DT': '', 'BHARATIYA': None, 'C_CODE': '', 'CNT_CODE': '', 'NONBRANCH': False, 'BANK_PARTY': 'P', 'CODE': '', 'BH_NO': 0, 'REC_SIGN': '', 'REC_DATE': None, 'STAMP': '', 'TO_PAY': '', 'DLV_DATE': None, 'DLV_TO': '', 'D_STATUS': None, 'COUNTRY': '', 'AIR_DOOR': '', 'TYPE_EXPO': '', 'CASE': None, 'OTHER': None, 'SELF_STAT': '', 'SELF_DATE': None, 'CO_BOOK': 0, 'MOBILE_NO': '', 'W_FLAG': '', 'OLD_YEAR': True, 'TIME': '15:21', 'REMARK1': ''}
2025-09-14 15:11:49,487 - INFO - Retrieved 11 dockets
2025-09-14 15:11:49,488 - INFO - Starting to load parties...
2025-09-14 15:11:49,488 - INFO - Trying to read PRTMST.DBF with encoding: cp1252
2025-09-14 15:11:49,499 - INFO - Successfully read PRTMST.DBF with encoding: cp1252, records: 118
2025-09-14 15:11:49,500 - INFO - Sample record 0: {'PRTCD': '  101', 'PRTNM': 'CASH COLLECTION', 'OP_BL': 0.0, 'DB_TOT': 0.0, 'CR_TOT': 0.0, 'CL_BL': 0.0, 'ADR1': '', 'ADR2': '', 'ADR3': '', 'CITY': 'BAVLA', 'PIN_CODE': '', 'CONT_DI': '', 'CONT_AC': '', 'PHONE_1': '', 'PHONE_2': '', 'PHONE_3': '', 'FAX_NO': '', 'MOBILE': '', 'PERIOD_F': None, 'PERIOD_T': None, 'GROUP': '4 1 1', 'DISCOUNT': 0.0, 'FLAG': '', 'CONSIGNEE': '', 'CENTER': '', 'LAST_DOC': 0, 'TMP_CR': 0.0, 'TMP_DB': 0.0, 'TMP_CL': 0.0, 'DISC_PER': 0.0, 'SERVICE': False, 'BRANCH': 0, 'LAST_DATE': None, 'HOLD_PARTY': False, 'ZERO_RATE': False, 'COLL_TIME': '', 'SUMM_BILL': False, 'C_CODE': '', 'DEF_WT': 0.0, 'DEF_POD': '', 'BANK_PARTY': 'P', 'DLY_SUM': False, 'PASS': '', 'FULE_PER': 0.0, 'FULE_CHARG': 0.0, 'EMAIL_ID': '', 'W_FLAG': '', 'GST_TIN': '', 'STATE': 'Gujarat', 'HSN_CODE': '', 'COUNTRY': '', 'USER_ID': '', 'REF_ID': '', 'BAL_TYPE': '', 'FULE_TYPE': '', 'DOC_CHARG': None}
2025-09-14 15:11:49,501 - INFO - Sample record 1: {'PRTCD': '  102', 'PRTNM': 'TOTAL COLLECTION', 'OP_BL': -9025078.02, 'DB_TOT': 0.0, 'CR_TOT': 424985.89, 'CL_BL': -9450063.91, 'ADR1': '', 'ADR2': '', 'ADR3': '', 'CITY': 'BAVLA', 'PIN_CODE': '', 'CONT_DI': '', 'CONT_AC': '', 'PHONE_1': '', 'PHONE_2': '', 'PHONE_3': '', 'FAX_NO': '', 'MOBILE': '', 'PERIOD_F': None, 'PERIOD_T': None, 'GROUP': '4 1 1', 'DISCOUNT': 0.0, 'FLAG': '', 'CONSIGNEE': '', 'CENTER': '', 'LAST_DOC': 0, 'TMP_CR': 1093570.01, 'TMP_DB': 0.0, 'TMP_CL': -1093570.01, 'DISC_PER': 0.0, 'SERVICE': False, 'BRANCH': 0, 'LAST_DATE': None, 'HOLD_PARTY': False, 'ZERO_RATE': False, 'COLL_TIME': '', 'SUMM_BILL': False, 'C_CODE': '', 'DEF_WT': 0.0, 'DEF_POD': '', 'BANK_PARTY': 'P', 'DLY_SUM': False, 'PASS': '', 'FULE_PER': 0.0, 'FULE_CHARG': 0.0, 'EMAIL_ID': '', 'W_FLAG': '', 'GST_TIN': '', 'STATE': 'Gujarat', 'HSN_CODE': '', 'COUNTRY': '', 'USER_ID': '', 'REF_ID': '', 'BAL_TYPE': '', 'FULE_TYPE': '', 'DOC_CHARG': None}
2025-09-14 15:11:49,501 - INFO - Sample record 2: {'PRTCD': '  103', 'PRTNM': 'CASH ON HAND', 'OP_BL': 49059.9, 'DB_TOT': 2990.01, 'CR_TOT': 0.0, 'CL_BL': 52049.91, 'ADR1': '', 'ADR2': '', 'ADR3': '', 'CITY': 'BAVLA', 'PIN_CODE': '', 'CONT_DI': '', 'CONT_AC': '', 'PHONE_1': '', 'PHONE_2': '', 'PHONE_3': '', 'FAX_NO': '', 'MOBILE': '', 'PERIOD_F': None, 'PERIOD_T': None, 'GROUP': '2 3 4', 'DISCOUNT': 0.0, 'FLAG': '', 'CONSIGNEE': '', 'CENTER': '', 'LAST_DOC': 0, 'TMP_CR': 600.0, 'TMP_DB': 40078.79, 'TMP_CL': 39478.79, 'DISC_PER': 0.0, 'SERVICE': False, 'BRANCH': 0, 'LAST_DATE': None, 'HOLD_PARTY': False, 'ZERO_RATE': False, 'COLL_TIME': '', 'SUMM_BILL': False, 'C_CODE': '', 'DEF_WT': 0.0, 'DEF_POD': '', 'BANK_PARTY': 'P', 'DLY_SUM': False, 'PASS': '', 'FULE_PER': 0.0, 'FULE_CHARG': 0.0, 'EMAIL_ID': '', 'W_FLAG': '', 'GST_TIN': '', 'STATE': 'Gujarat', 'HSN_CODE': '', 'COUNTRY': '', 'USER_ID': '', 'REF_ID': '', 'BAL_TYPE': '', 'FULE_TYPE': '', 'DOC_CHARG': None}
2025-09-14 15:11:49,501 - INFO - Sample record 3: {'PRTCD': '  104', 'PRTNM': 'CONTRA A/C.', 'OP_BL': 0.0, 'DB_TOT': 0.0, 'CR_TOT': 0.0, 'CL_BL': 0.0, 'ADR1': '', 'ADR2': '', 'ADR3': '', 'CITY': 'BAVLA', 'PIN_CODE': '', 'CONT_DI': '', 'CONT_AC': '', 'PHONE_1': '', 'PHONE_2': '', 'PHONE_3': '', 'FAX_NO': '', 'MOBILE': '', 'PERIOD_F': None, 'PERIOD_T': None, 'GROUP': '2 3 4', 'DISCOUNT': 0.0, 'FLAG': '', 'CONSIGNEE': '', 'CENTER': '', 'LAST_DOC': 0, 'TMP_CR': 0.0, 'TMP_DB': 0.0, 'TMP_CL': 0.0, 'DISC_PER': 0.0, 'SERVICE': False, 'BRANCH': 0, 'LAST_DATE': None, 'HOLD_PARTY': False, 'ZERO_RATE': False, 'COLL_TIME': '', 'SUMM_BILL': False, 'C_CODE': '', 'DEF_WT': 0.0, 'DEF_POD': '', 'BANK_PARTY': 'P', 'DLY_SUM': False, 'PASS': '', 'FULE_PER': 0.0, 'FULE_CHARG': 0.0, 'EMAIL_ID': '', 'W_FLAG': '', 'GST_TIN': '', 'STATE': 'Gujarat', 'HSN_CODE': '', 'COUNTRY': '', 'USER_ID': '', 'REF_ID': '', 'BAL_TYPE': '', 'FULE_TYPE': '', 'DOC_CHARG': None}
2025-09-14 15:11:49,502 - INFO - Sample record 4: {'PRTCD': '  105', 'PRTNM': 'DISCOUNT (KASAR) A/C', 'OP_BL': 23211.08, 'DB_TOT': 0.0, 'CR_TOT': 0.0, 'CL_BL': 23211.08, 'ADR1': '', 'ADR2': '', 'ADR3': '', 'CITY': 'BAVLA', 'PIN_CODE': '', 'CONT_DI': '', 'CONT_AC': '', 'PHONE_1': '', 'PHONE_2': '', 'PHONE_3': '', 'FAX_NO': '', 'MOBILE': '', 'PERIOD_F': None, 'PERIOD_T': None, 'GROUP': '3 1 1', 'DISCOUNT': 0.0, 'FLAG': '', 'CONSIGNEE': '', 'CENTER': '', 'LAST_DOC': 0, 'TMP_CR': 0.0, 'TMP_DB': 31.0, 'TMP_CL': 31.0, 'DISC_PER': 0.0, 'SERVICE': False, 'BRANCH': 0, 'LAST_DATE': None, 'HOLD_PARTY': False, 'ZERO_RATE': False, 'COLL_TIME': '', 'SUMM_BILL': False, 'C_CODE': '', 'DEF_WT': 0.0, 'DEF_POD': '', 'BANK_PARTY': 'P', 'DLY_SUM': False, 'PASS': '', 'FULE_PER': 0.0, 'FULE_CHARG': 0.0, 'EMAIL_ID': '', 'W_FLAG': '', 'GST_TIN': '', 'STATE': 'Gujarat', 'HSN_CODE': '', 'COUNTRY': '', 'USER_ID': '', 'REF_ID': '', 'BAL_TYPE': '', 'FULE_TYPE': '', 'DOC_CHARG': None}
2025-09-14 15:11:49,513 - INFO - Successfully retrieved 118 parties
2025-09-14 15:11:49,513 - INFO - Party 0: A1 - SUREJA INDUSTRIES (237)
2025-09-14 15:11:49,513 - INFO - Party 1: ACTIVA SCOOTER(GJ01 SW 7616) (130)
2025-09-14 15:11:49,513 - INFO - Party 2: ADROIT TECHNA (231)
2025-09-14 15:11:49,513 - INFO - Party 3: ALMON HEALTHCARE PVT LTD (297)
2025-09-14 15:11:49,514 - INFO - Party 4: ALPIC REMEDIES (303)
2025-09-14 15:11:49,537 - INFO - PDF generated successfully: C:\Users\AUMTEC~1\AppData\Local\Temp\tmpxvannsmj.pdf
2025-09-14 15:11:49,552 - INFO - 127.0.0.1 - - [14/Sep/2025 15:11:49] "POST /generate HTTP/1.1" 200 -
2025-09-14 15:15:38,668 - INFO -  * Detected change in 'S:\\COURIER\\app.py', reloading
2025-09-14 15:15:38,721 - INFO -  * Restarting with stat
2025-09-14 15:15:39,047 - WARNING -  * Debugger is active!
2025-09-14 15:15:39,049 - INFO -  * Debugger PIN: 837-115-455
2025-09-14 15:16:29,265 - INFO - 127.0.0.1 - - [14/Sep/2025 15:16:29] "GET / HTTP/1.1" 200 -
2025-09-14 15:16:29,698 - INFO - 127.0.0.1 - - [14/Sep/2025 15:16:29] "GET /api/dependencies HTTP/1.1" 200 -
2025-09-14 15:16:29,702 - INFO - API: Testing connection...
2025-09-14 15:16:29,703 - INFO - Trying to read DLCHLN.DBF with encoding: cp1252
2025-09-14 15:16:30,017 - INFO - 127.0.0.1 - - [14/Sep/2025 15:16:30] "[33mGET /favicon.ico HTTP/1.1[0m" 404 -
2025-09-14 15:16:30,042 - INFO - Successfully read DLCHLN.DBF with encoding: cp1252, records: 4698
2025-09-14 15:16:30,049 - INFO - Trying to read PRTMST.DBF with encoding: cp1252
2025-09-14 15:16:30,060 - INFO - Successfully read PRTMST.DBF with encoding: cp1252, records: 118
2025-09-14 15:16:30,415 - INFO - Successfully connected to DBF files
2025-09-14 15:16:30,416 - INFO - DLCHLN records: 4698 (encoding: cp1252)
2025-09-14 15:16:30,416 - INFO - PRTMST records: 118 (encoding: cp1252)
2025-09-14 15:16:30,417 - INFO - API: Connection test result: True
2025-09-14 15:16:30,417 - INFO - 127.0.0.1 - - [14/Sep/2025 15:16:30] "GET /api/test-connection HTTP/1.1" 200 -
2025-09-14 15:16:30,727 - INFO - API: Getting parties...
2025-09-14 15:16:30,727 - INFO - Starting to load parties...
2025-09-14 15:16:30,728 - INFO - Trying to read PRTMST.DBF with encoding: cp1252
2025-09-14 15:16:30,735 - INFO - Successfully read PRTMST.DBF with encoding: cp1252, records: 118
2025-09-14 15:16:30,744 - INFO - Successfully retrieved 118 parties
2025-09-14 15:16:30,744 - INFO - API: Returning 118 parties
2025-09-14 15:16:30,745 - INFO - 127.0.0.1 - - [14/Sep/2025 15:16:30] "GET /api/parties HTTP/1.1" 200 -
2025-09-14 15:17:06,209 - INFO - Loading dockets from 2025-08-15 to 2025-09-14, party: 242
2025-09-14 15:17:06,209 - INFO - Trying to read DLCHLN.DBF with encoding: cp1252
2025-09-14 15:17:06,518 - INFO - Successfully read DLCHLN.DBF with encoding: cp1252, records: 4698
2025-09-14 15:17:06,873 - INFO - Retrieved 11 dockets
2025-09-14 15:17:06,873 - INFO - Starting to load parties...
2025-09-14 15:17:06,873 - INFO - Trying to read PRTMST.DBF with encoding: cp1252
2025-09-14 15:17:06,884 - INFO - Successfully read PRTMST.DBF with encoding: cp1252, records: 118
2025-09-14 15:17:06,894 - INFO - Successfully retrieved 118 parties
2025-09-14 15:17:06,923 - INFO - PDF generated successfully: C:\Users\AUMTEC~1\AppData\Local\Temp\tmpm3i3dp99.pdf
2025-09-14 15:17:06,938 - INFO - 127.0.0.1 - - [14/Sep/2025 15:17:06] "POST /generate HTTP/1.1" 200 -
2025-09-14 15:17:32,834 - INFO - 127.0.0.1 - - [14/Sep/2025 15:17:32] "GET / HTTP/1.1" 200 -
2025-09-14 15:17:33,289 - INFO - 127.0.0.1 - - [14/Sep/2025 15:17:33] "GET /api/dependencies HTTP/1.1" 200 -
2025-09-14 15:17:33,293 - INFO - 127.0.0.1 - - [14/Sep/2025 15:17:33] "[33mGET /favicon.ico HTTP/1.1[0m" 404 -
2025-09-14 15:17:33,595 - INFO - API: Testing connection...
2025-09-14 15:17:33,596 - INFO - Trying to read DLCHLN.DBF with encoding: cp1252
2025-09-14 15:17:33,975 - INFO - Successfully read DLCHLN.DBF with encoding: cp1252, records: 4698
2025-09-14 15:17:33,982 - INFO - Trying to read PRTMST.DBF with encoding: cp1252
2025-09-14 15:17:33,996 - INFO - Successfully read PRTMST.DBF with encoding: cp1252, records: 118
2025-09-14 15:17:34,426 - INFO - Successfully connected to DBF files
2025-09-14 15:17:34,427 - INFO - DLCHLN records: 4698 (encoding: cp1252)
2025-09-14 15:17:34,427 - INFO - PRTMST records: 118 (encoding: cp1252)
2025-09-14 15:17:34,428 - INFO - API: Connection test result: True
2025-09-14 15:17:34,432 - INFO - 127.0.0.1 - - [14/Sep/2025 15:17:34] "GET /api/test-connection HTTP/1.1" 200 -
2025-09-14 15:17:34,744 - INFO - API: Getting parties...
2025-09-14 15:17:34,744 - INFO - Starting to load parties...
2025-09-14 15:17:34,744 - INFO - Trying to read PRTMST.DBF with encoding: cp1252
2025-09-14 15:17:34,749 - INFO - Successfully read PRTMST.DBF with encoding: cp1252, records: 118
2025-09-14 15:17:34,755 - INFO - Successfully retrieved 118 parties
2025-09-14 15:17:34,755 - INFO - API: Returning 118 parties
2025-09-14 15:17:34,755 - INFO - 127.0.0.1 - - [14/Sep/2025 15:17:34] "GET /api/parties HTTP/1.1" 200 -
2025-09-14 15:33:29,418 - INFO -  * Detected change in 'S:\\COURIER\\app.py', reloading
2025-09-14 15:33:29,482 - INFO -  * Restarting with stat
2025-09-14 15:33:29,791 - WARNING -  * Debugger is active!
2025-09-14 15:33:29,799 - INFO -  * Debugger PIN: 837-115-455
2025-09-14 15:33:36,646 - INFO -  * Detected change in 'S:\\COURIER\\app.py', reloading
2025-09-14 15:33:36,710 - INFO -  * Restarting with stat
2025-09-14 15:33:37,032 - WARNING -  * Debugger is active!
2025-09-14 15:33:37,033 - INFO -  * Debugger PIN: 837-115-455
2025-09-14 15:33:58,400 - INFO -  * Detected change in 'S:\\COURIER\\app.py', reloading
2025-09-14 15:33:58,455 - INFO -  * Restarting with stat
2025-09-14 15:38:32,748 - INFO - Trying to read DLCHLN.DBF with encoding: cp1252
2025-09-14 15:38:32,941 - INFO - Successfully read DLCHLN.DBF with encoding: cp1252, records: 4698
2025-09-14 15:38:32,945 - INFO - Trying to read PRTMST.DBF with encoding: cp1252
2025-09-14 15:38:32,951 - INFO - Successfully read PRTMST.DBF with encoding: cp1252, records: 118
2025-09-14 15:38:33,145 - INFO - Successfully connected to DBF files
2025-09-14 15:38:33,145 - INFO - DLCHLN records: 4698 (encoding: cp1252)
2025-09-14 15:38:33,145 - INFO - PRTMST records: 118 (encoding: cp1252)
2025-09-14 15:38:33,146 - INFO - Starting to load parties...
2025-09-14 15:38:33,146 - INFO - Trying to read PRTMST.DBF with encoding: cp1252
2025-09-14 15:38:33,151 - INFO - Successfully read PRTMST.DBF with encoding: cp1252, records: 118
2025-09-14 15:38:33,156 - INFO - Successfully retrieved 118 parties
